2024-09-20 14:15:42 - yfinance - DEBUG - Entering history()
2024-09-20 14:15:42 - peewee - DEBUG - ('CREATE TABLE IF NOT EXISTS "_kv" ("key" VARCHAR(255) NOT NULL PRIMARY KEY, "value" VARCHAR(255)) WITHOUT ROWID', [])
2024-09-20 14:15:42 - peewee - DEBUG - ('SELECT "t1"."key", "t1"."value" FROM "_kv" AS "t1" WHERE ("t1"."key" = ?) LIMIT ? OFFSET ?', ['AAPL', 1, 0])
2024-09-20 14:15:42 - yfinance - DEBUG -  Entering history()
2024-09-20 14:15:42 - yfinance - DEBUG - AAPL: Yahoo GET parameters: {'range': '1d', 'interval': '1d', 'includePrePost': False, 'events': 'div,splits,capitalGains'}
2024-09-20 14:15:42 - yfinance - DEBUG -   Entering get()
2024-09-20 14:15:42 - yfinance - DEBUG - url=https://query2.finance.yahoo.com/v8/finance/chart/AAPL
2024-09-20 14:15:42 - yfinance - DEBUG - params={'range': '1d', 'interval': '1d', 'includePrePost': False, 'events': 'div,splits,capitalGains'}
2024-09-20 14:15:42 - yfinance - DEBUG -    Entering _get_cookie_and_crumb()
2024-09-20 14:15:42 - yfinance - DEBUG - cookie_mode = 'basic'
2024-09-20 14:15:42 - yfinance - DEBUG -     Entering _get_cookie_and_crumb_basic()
2024-09-20 14:15:42 - peewee - DEBUG - ('CREATE TABLE IF NOT EXISTS "_cookieschema" ("strategy" VARCHAR(255) NOT NULL PRIMARY KEY, "fetch_date" DATETIME NOT NULL, "cookie_bytes" BLOB NOT NULL) WITHOUT ROWID', [])
2024-09-20 14:15:42 - peewee - DEBUG - ('SELECT "t1"."strategy", "t1"."fetch_date", "t1"."cookie_bytes" FROM "_cookieschema" AS "t1" WHERE ("t1"."strategy" = ?) LIMIT ? OFFSET ?', ['basic', 1, 0])
2024-09-20 14:15:42 - urllib3.connectionpool - DEBUG - Starting new HTTPS connection (1): fc.yahoo.com:443
2024-09-20 14:15:46 - urllib3.connectionpool - DEBUG - https://fc.yahoo.com:443 "GET / HTTP/1.1" 404 4744
2024-09-20 14:15:46 - peewee - DEBUG - ('DELETE FROM "_cookieschema" WHERE ("_cookieschema"."strategy" = ?)', ['basic'])
2024-09-20 14:15:46 - peewee - DEBUG - ('BEGIN', None)
2024-09-20 14:15:46 - peewee - DEBUG - ('INSERT INTO "_cookieschema" ("strategy", "fetch_date", "cookie_bytes") VALUES (?, ?, ?)', ['basic', '2024-09-20T14:15:46.599277', <memory at 0x0000018C6B5ECC40>])
2024-09-20 14:15:46 - yfinance - DEBUG - fetched basic cookie = <Cookie A3=d=AQABBGNZ7WYCELXn7PkE_OPGH4A9JpE6fW8FEgEBAQGq7mb3Zp6fzyMA_eMAAA&S=AQAAAnhVA_1T8PLyLBc-Fr_QgAg for .yahoo.com/>
2024-09-20 14:15:46 - yfinance - DEBUG - reusing cookie
2024-09-20 14:15:46 - urllib3.connectionpool - DEBUG - Starting new HTTPS connection (1): query1.finance.yahoo.com:443
2024-09-20 14:15:47 - urllib3.connectionpool - DEBUG - https://query1.finance.yahoo.com:443 "GET /v1/test/getcrumb HTTP/1.1" 200 11
2024-09-20 14:15:47 - yfinance - DEBUG - crumb = 'Fh0PbOo72AX'
2024-09-20 14:15:47 - yfinance - DEBUG -     Exiting _get_cookie_and_crumb_basic()
2024-09-20 14:15:47 - yfinance - DEBUG -    Exiting _get_cookie_and_crumb()
2024-09-20 14:15:47 - urllib3.connectionpool - DEBUG - Starting new HTTPS connection (1): query2.finance.yahoo.com:443
2024-09-20 14:15:49 - urllib3.connectionpool - DEBUG - https://query2.finance.yahoo.com:443 "GET /v8/finance/chart/AAPL?range=1d&interval=1d&includePrePost=False&events=div%2Csplits%2CcapitalGains&crumb=Fh0PbOo72AX HTTP/1.1" 200 1191
2024-09-20 14:15:49 - yfinance - DEBUG - response code=200
2024-09-20 14:15:49 - yfinance - DEBUG -   Exiting get()
2024-09-20 14:15:49 - yfinance - DEBUG - AAPL: yfinance received OHLC data: 2024-09-19 13:30:00 -> 2024-09-19 13:30:00
2024-09-20 14:15:49 - yfinance - DEBUG - AAPL: OHLC after cleaning: 2024-09-19 09:30:00-04:00 -> 2024-09-19 09:30:00-04:00
2024-09-20 14:15:49 - yfinance - DEBUG - AAPL: OHLC after combining events: 2024-09-19 00:00:00-04:00 -> 2024-09-19 00:00:00-04:00
2024-09-20 14:15:49 - yfinance - DEBUG - AAPL: yfinance returning OHLC: 2024-09-19 00:00:00-04:00 -> 2024-09-19 00:00:00-04:00
2024-09-20 14:15:49 - yfinance - DEBUG -  Exiting history()
2024-09-20 14:15:49 - yfinance - DEBUG - Exiting history()
